<?xml version="1.0" encoding="UTF-8"?>
<testng-results skipped="0" failed="0" ignored="0" total="1" passed="1">
  <reporter-output>
  </reporter-output>
  <suite name="Default suite" duration-ms="35206" started-at="2020-08-04T01:49:18 IST" finished-at="2020-08-04T01:49:54 IST">
    <groups>
    </groups>
    <test name="Default test" duration-ms="35206" started-at="2020-08-04T01:49:18 IST" finished-at="2020-08-04T01:49:54 IST">
      <class name="pageFactoryWithoutAnnotations.LoginWithoutFindBy">
        <test-method status="PASS" signature="login()[pri:0, instance:pageFactoryWithoutAnnotations.LoginWithoutFindBy@3108bc]" name="login" duration-ms="35153" started-at="2020-08-04T01:49:18 IST" finished-at="2020-08-04T01:49:54 IST">
          <reporter-output>
          </reporter-output>
        </test-method> <!-- login -->
      </class> <!-- pageFactoryWithoutAnnotations.LoginWithoutFindBy -->
    </test> <!-- Default test -->
  </suite> <!-- Default suite -->
</testng-results>
